<?xml version="1.0" encoding="UTF-8"?>
<!-- Generated by org.testng.reporters.JUnitReportReporter -->
<testsuite skipped="0" hostname="Orcuns-MBP.lan" name="testcases2.App" tests="3" failures="0" timestamp="04 Dec 2018 04:11:45 GMT" time="0.008" errors="0">
  <testcase name="LoginTest" time="0.006" classname="testcases2.App"/>
  <testcase name="LogoutTest" time="0.001" classname="testcases2.App"/>
  <testcase name="PasswordChangeTest" time="0.001" classname="testcases2.App"/>
</testsuite> <!-- testcases2.App -->
