<?xml version="1.0" encoding="UTF-8"?>
<!-- Generated by org.testng.reporters.JUnitReportReporter -->
<testsuite skipped="1" hostname="Orcuns-MBP.lan" name="testcases.AppBeforeSuitAfterSuit" tests="3" failures="0" timestamp="04 Dec 2018 04:03:49 GMT" time="0.002" errors="0">
  <testcase name="LoginTest" time="0.001" classname="testcases.AppBeforeSuitAfterSuit"/>
  <testcase name="PasswordChangeTest" time="0.001" classname="testcases.AppBeforeSuitAfterSuit"/>
  <testcase name="LogoutTest" classname="testcases.AppBeforeSuitAfterSuit">
    <skipped/>
  </testcase> <!-- LogoutTest -->
</testsuite> <!-- testcases.AppBeforeSuitAfterSuit -->
