<?xml version="1.0" encoding="UTF-8"?>
<!-- Generated by org.testng.reporters.JUnitReportReporter -->
<testsuite skipped="1" hostname="Orcuns-MBP.lan" name="AppDataProvider" tests="4" failures="0" timestamp="04 Dec 2018 03:00:28 GMT" time="0.008" errors="0">
  <testcase name="LoginTest2" time="0.001" classname="AppDataProvider"/>
  <testcase name="LoginTest2" time="0.001" classname="AppDataProvider"/>
  <testcase name="LoginTest2" time="0.006" classname="AppDataProvider"/>
  <testcase name="LoginTest" classname="AppDataProvider">
    <skipped/>
  </testcase> <!-- LoginTest -->
</testsuite> <!-- AppDataProvider -->
