<?xml version="1.0" encoding="UTF-8"?>
<!-- Generated by org.testng.reporters.JUnitReportReporter -->
<testsuite skipped="0" hostname="Orcuns-MBP.lan" name="testcases.AppPriority" tests="3" failures="0" timestamp="04 Dec 2018 04:03:49 GMT" time="0.000" errors="0">
  <testcase name="LoginTest" time="0.000" classname="testcases.AppPriority"/>
  <testcase name="PasswordChangeTest" time="0.000" classname="testcases.AppPriority"/>
  <testcase name="LogoutTest" time="0.000" classname="testcases.AppPriority"/>
</testsuite> <!-- testcases.AppPriority -->
