<?xml version="1.0" encoding="UTF-8"?>
<!-- Generated by org.testng.reporters.JUnitReportReporter -->
<testsuite skipped="0" hostname="Orcuns-MacBook-Pro.local" name="AppPriority" tests="3" failures="0" timestamp="03 Dec 2018 02:57:26 GMT" time="0.010" errors="0">
  <testcase name="LoginTest" time="0.008" classname="AppPriority"/>
  <testcase name="PasswordChangeTest" time="0.001" classname="AppPriority"/>
  <testcase name="LogoutTest" time="0.001" classname="AppPriority"/>
</testsuite> <!-- AppPriority -->
