<?xml version="1.0" encoding="UTF-8"?>
<!-- Generated by org.testng.reporters.JUnitReportReporter -->
<testsuite skipped="0" hostname="Orcuns-MacBook-Pro.local" name="AppBeforeTestAfterTest" tests="3" failures="0" timestamp="03 Dec 2018 03:02:29 GMT" time="0.005" errors="0">
  <testcase name="LoginTest" time="0.003" classname="AppBeforeTestAfterTest"/>
  <testcase name="PasswordChangeTest" time="0.001" classname="AppBeforeTestAfterTest"/>
  <testcase name="LogoutTest" time="0.001" classname="AppBeforeTestAfterTest"/>
</testsuite> <!-- AppBeforeTestAfterTest -->
