<?xml version="1.0" encoding="UTF-8"?>
<!-- Generated by org.testng.reporters.JUnitReportReporter -->
<testsuite skipped="1" hostname="Orcuns-MBP.lan" name="AppBeforeSuitAfterSuit" tests="3" failures="0" timestamp="04 Dec 2018 02:39:04 GMT" time="0.003" errors="0">
  <testcase name="LoginTest" time="0.003" classname="AppBeforeSuitAfterSuit"/>
  <testcase name="PasswordChangeTest" time="0.000" classname="AppBeforeSuitAfterSuit"/>
  <testcase name="LogoutTest" classname="AppBeforeSuitAfterSuit">
    <skipped/>
  </testcase> <!-- LogoutTest -->
</testsuite> <!-- AppBeforeSuitAfterSuit -->
