<?xml version="1.0" encoding="UTF-8"?>
<!-- Generated by org.testng.reporters.JUnitReportReporter -->
<testsuite skipped="0" hostname="Orcuns-MacBook-Pro.local" name="AppBeforeMethodAfterMethod" tests="3" failures="0" timestamp="03 Dec 2018 03:05:24 GMT" time="0.010" errors="0">
  <testcase name="LoginTest" time="0.004" classname="AppBeforeMethodAfterMethod"/>
  <testcase name="PasswordChangeTest" time="0.005" classname="AppBeforeMethodAfterMethod"/>
  <testcase name="LogoutTest" time="0.001" classname="AppBeforeMethodAfterMethod"/>
</testsuite> <!-- AppBeforeMethodAfterMethod -->
