<?xml version="1.0" encoding="UTF-8"?>
<!-- Generated by org.testng.reporters.JUnitReportReporter -->
<testsuite skipped="3" hostname="Orcuns-MacBook-Pro.local" name="AppSkipDependency" tests="3" failures="0" timestamp="03 Dec 2018 03:40:23 GMT" time="0.007" errors="0">
  <testcase name="LoginTest" time="0.007" classname="AppSkipDependency">
    <skipped/>
  </testcase> <!-- LoginTest -->
  <testcase name="PasswordChangeTest" time="0.000" classname="AppSkipDependency">
    <skipped/>
  </testcase> <!-- PasswordChangeTest -->
  <testcase name="LogoutTest" time="0.000" classname="AppSkipDependency">
    <skipped/>
  </testcase> <!-- LogoutTest -->
</testsuite> <!-- AppSkipDependency -->
