<?xml version="1.0" encoding="UTF-8"?>
<!-- Generated by org.testng.reporters.JUnitReportReporter -->
<testsuite skipped="0" hostname="Orcuns-MacBook-Pro.local" name="App" tests="3" failures="0" timestamp="03 Dec 2018 02:53:52 GMT" time="0.011" errors="0">
  <testcase name="LogoutTest" time="0.001" classname="App"/>
  <testcase name="LoginTest" time="0.009" classname="App"/>
  <testcase name="PasswordChangeTest" time="0.001" classname="App"/>
</testsuite> <!-- App -->
